<?xml version="1.0" encoding="UTF-8"?>
<!-- Generated by org.testng.reporters.JUnitXMLReporter -->
<testsuite ignored="0" hostname="DESKTOP-GH2N43I" failures="0" tests="3" name="Default test" time="63.416" errors="0" timestamp="2023-09-28T16:20:09 GMT-12:00">
  <testcase classname="Screenshot.testng" name="Browsertest" time="1.08"/>
  <testcase classname="Screenshot.testng" name="teardown" time="0.014"/>
  <testcase classname="Screenshot.testng" name="test2" time="3.052"/>
</testsuite> <!-- Default test -->
