<?xml version="1.0" encoding="UTF-8"?>
<testng-results ignored="0" total="3" passed="3" failed="0" skipped="0">
  <reporter-output>
  </reporter-output>
  <suite started-at="2023-09-28T16:19:06 GMT-12:00" name="Default suite" finished-at="2023-09-28T16:20:09 GMT-12:00" duration-ms="63416">
    <groups>
    </groups>
    <test started-at="2023-09-28T16:19:06 GMT-12:00" name="Default test" finished-at="2023-09-28T16:20:09 GMT-12:00" duration-ms="63416">
      <class name="Screenshot.testng">
        <test-method is-config="true" signature="setup()[pri:0, instance:Screenshot.testng@55a147cc]" started-at="2023-09-28T16:19:06 GMT-12:00" name="setup" finished-at="2023-09-28T16:19:44 GMT-12:00" duration-ms="38064" status="PASS">
          <reporter-output>
          </reporter-output>
        </test-method> <!-- setup -->
        <test-method signature="Browsertest()[pri:0, instance:Screenshot.testng@55a147cc]" started-at="2023-09-28T16:19:44 GMT-12:00" name="Browsertest" finished-at="2023-09-28T16:19:45 GMT-12:00" duration-ms="1080" status="PASS">
          <reporter-output>
          </reporter-output>
        </test-method> <!-- Browsertest -->
        <test-method is-config="true" signature="teardown()[pri:0, instance:Screenshot.testng@55a147cc]" started-at="2023-09-28T16:19:45 GMT-12:00" name="teardown" finished-at="2023-09-28T16:19:45 GMT-12:00" duration-ms="1" status="PASS">
          <reporter-output>
          </reporter-output>
        </test-method> <!-- teardown -->
        <test-method is-config="true" signature="setup()[pri:0, instance:Screenshot.testng@55a147cc]" started-at="2023-09-28T16:19:45 GMT-12:00" name="setup" finished-at="2023-09-28T16:20:00 GMT-12:00" duration-ms="14896" status="PASS">
          <reporter-output>
          </reporter-output>
        </test-method> <!-- setup -->
        <test-method signature="teardown()[pri:0, instance:Screenshot.testng@55a147cc]" started-at="2023-09-28T16:20:00 GMT-12:00" name="teardown" finished-at="2023-09-28T16:20:00 GMT-12:00" duration-ms="14" status="PASS">
          <reporter-output>
          </reporter-output>
        </test-method> <!-- teardown -->
        <test-method is-config="true" signature="teardown()[pri:0, instance:Screenshot.testng@55a147cc]" started-at="2023-09-28T16:20:00 GMT-12:00" name="teardown" finished-at="2023-09-28T16:20:00 GMT-12:00" duration-ms="2" status="PASS">
          <reporter-output>
          </reporter-output>
        </test-method> <!-- teardown -->
        <test-method is-config="true" signature="setup()[pri:0, instance:Screenshot.testng@55a147cc]" started-at="2023-09-28T16:20:00 GMT-12:00" name="setup" finished-at="2023-09-28T16:20:06 GMT-12:00" duration-ms="5892" status="PASS">
          <reporter-output>
          </reporter-output>
        </test-method> <!-- setup -->
        <test-method signature="test2()[pri:0, instance:Screenshot.testng@55a147cc]" started-at="2023-09-28T16:20:06 GMT-12:00" name="test2" finished-at="2023-09-28T16:20:09 GMT-12:00" duration-ms="3052" status="PASS">
          <reporter-output>
          </reporter-output>
        </test-method> <!-- test2 -->
        <test-method is-config="true" signature="teardown()[pri:0, instance:Screenshot.testng@55a147cc]" started-at="2023-09-28T16:20:09 GMT-12:00" name="teardown" finished-at="2023-09-28T16:20:09 GMT-12:00" duration-ms="2" status="PASS">
          <reporter-output>
          </reporter-output>
        </test-method> <!-- teardown -->
      </class> <!-- Screenshot.testng -->
    </test> <!-- Default test -->
  </suite> <!-- Default suite -->
</testng-results>
